[2016-05-25T11:55:23.051-0300] [glassfish 4.1] [INFO] [NCLS-LOGGING-00009] [javax.enterprise.logging] [tid: _ThreadID=19 _ThreadName=RunLevelControllerThread-1464188122973] [timeMillis: 1464188123051] [levelValue: 800] [[
  Running GlassFish Version: GlassFish Server Open Source Edition  4.1  (build 13)]]

[2016-05-25T11:55:23.054-0300] [glassfish 4.1] [INFO] [NCLS-LOGGING-00010] [javax.enterprise.logging] [tid: _ThreadID=19 _ThreadName=RunLevelControllerThread-1464188122973] [timeMillis: 1464188123054] [levelValue: 800] [[
  Server log file is using Formatter class: com.sun.enterprise.server.logging.ODLLogFormatter]]

[2016-05-25T11:55:23.160-0300] [glassfish 4.1] [INFO] [NCLS-SECURITY-01115] [javax.enterprise.system.core.security] [tid: _ThreadID=20 _ThreadName=RunLevelControllerThread-1464188122980] [timeMillis: 1464188123160] [levelValue: 800] [[
  Realm [admin-realm] of classtype [com.sun.enterprise.security.auth.realm.file.FileRealm] successfully created.]]

[2016-05-25T11:55:23.162-0300] [glassfish 4.1] [INFO] [NCLS-SECURITY-01115] [javax.enterprise.system.core.security] [tid: _ThreadID=20 _ThreadName=RunLevelControllerThread-1464188122980] [timeMillis: 1464188123162] [levelValue: 800] [[
  Realm [file] of classtype [com.sun.enterprise.security.auth.realm.file.FileRealm] successfully created.]]

[2016-05-25T11:55:23.167-0300] [glassfish 4.1] [INFO] [NCLS-SECURITY-01115] [javax.enterprise.system.core.security] [tid: _ThreadID=20 _ThreadName=RunLevelControllerThread-1464188122980] [timeMillis: 1464188123167] [levelValue: 800] [[
  Realm [certificate] of classtype [com.sun.enterprise.security.auth.realm.certificate.CertificateRealm] successfully created.]]

[2016-05-25T11:55:23.306-0300] [glassfish 4.1] [INFO] [SEC-SVCS-00100] [javax.enterprise.security.services] [tid: _ThreadID=19 _ThreadName=RunLevelControllerThread-1464188122973] [timeMillis: 1464188123306] [levelValue: 800] [[
  Authorization Service has successfully initialized.]]

[2016-05-25T11:55:23.375-0300] [glassfish 4.1] [INFO] [] [org.hibernate.validator.internal.util.Version] [tid: _ThreadID=21 _ThreadName=RunLevelControllerThread-1464188122980] [timeMillis: 1464188123375] [levelValue: 800] [[
  HV000001: Hibernate Validator 5.0.0.Final]]

[2016-05-25T11:55:23.390-0300] [glassfish 4.1] [INFO] [] [org.glassfish.ha.store.spi.BackingStoreFactoryRegistry] [tid: _ThreadID=20 _ThreadName=RunLevelControllerThread-1464188122980] [timeMillis: 1464188123390] [levelValue: 800] [[
  Registered org.glassfish.ha.store.adapter.cache.ShoalBackingStoreProxy for persistence-type = replicated in BackingStoreFactoryRegistry]]

[2016-05-25T11:55:23.719-0300] [glassfish 4.1] [INFO] [NCLS-CORE-00087] [javax.enterprise.system.core] [tid: _ThreadID=18 _ThreadName=RunLevelControllerThread-1464188122972] [timeMillis: 1464188123719] [levelValue: 800] [[
  Grizzly Framework 2.3.15 started in: 94ms - bound to [/0.0.0.0:8080]]]

[2016-05-25T11:55:23.745-0300] [glassfish 4.1] [INFO] [NCLS-CORE-00087] [javax.enterprise.system.core] [tid: _ThreadID=18 _ThreadName=RunLevelControllerThread-1464188122972] [timeMillis: 1464188123745] [levelValue: 800] [[
  Grizzly Framework 2.3.15 started in: 2ms - bound to [/0.0.0.0:8181]]]

[2016-05-25T11:55:23.755-0300] [glassfish 4.1] [INFO] [NCLS-CORE-00087] [javax.enterprise.system.core] [tid: _ThreadID=18 _ThreadName=RunLevelControllerThread-1464188122972] [timeMillis: 1464188123755] [levelValue: 800] [[
  Grizzly Framework 2.3.15 started in: 3ms - bound to [/0.0.0.0:4848]]]

[2016-05-25T11:55:23.804-0300] [glassfish 4.1] [INFO] [NCLS-CORE-00087] [javax.enterprise.system.core] [tid: _ThreadID=20 _ThreadName=RunLevelControllerThread-1464188122980] [timeMillis: 1464188123804] [levelValue: 800] [[
  Grizzly Framework 2.3.15 started in: 2ms - bound to [/0.0.0.0:3700]]]

[2016-05-25T11:55:23.806-0300] [glassfish 4.1] [INFO] [NCLS-CORE-00017] [javax.enterprise.system.core] [tid: _ThreadID=1 _ThreadName=main] [timeMillis: 1464188123806] [levelValue: 800] [[
  GlassFish Server Open Source Edition  4.1  (13) startup time : Felix (29.498ms), startup services(839ms), total(30.337ms)]]

[2016-05-25T11:55:24.222-0300] [glassfish 4.1] [INFO] [NCLS-CORE-00087] [javax.enterprise.system.core] [tid: _ThreadID=19 _ThreadName=RunLevelControllerThread-1464188122973] [timeMillis: 1464188124222] [levelValue: 800] [[
  Grizzly Framework 2.3.15 started in: 2ms - bound to [/0.0.0.0:7676]]]

[2016-05-25T11:55:24.224-0300] [glassfish 4.1] [INFO] [NCLS-BOOTSTRAP-00027] [javax.enterprise.bootstrap] [tid: _ThreadID=1 _ThreadName=main] [timeMillis: 1464188124224] [levelValue: 800] [[
  Registered com.sun.enterprise.glassfish.bootstrap.osgi.EmbeddedOSGiGlassFishImpl@2404b5a as OSGi service registration: org.apache.felix.framework.ServiceRegistrationImpl@69d3cf7e.]]

[2016-05-25T11:55:27.613-0300] [glassfish 4.1] [INFO] [NCLS-CORE-00087] [javax.enterprise.system.core] [tid: _ThreadID=71 _ThreadName=pool-15-thread-1] [timeMillis: 1464188127613] [levelValue: 800] [[
  Grizzly Framework 2.3.15 started in: 3ms - bound to [/0.0.0.0:8181]]]

[2016-05-25T11:55:27.683-0300] [glassfish 4.1] [INFO] [NCLS-CORE-00087] [javax.enterprise.system.core] [tid: _ThreadID=69 _ThreadName=pool-14-thread-1] [timeMillis: 1464188127683] [levelValue: 800] [[
  Grizzly Framework 2.3.15 started in: 2ms - bound to [/0.0.0.0:8080]]]

[2016-05-25T11:55:33.573-0300] [glassfish 4.1] [INFO] [NCLS-JMX-00005] [javax.enterprise.system.jmx] [tid: _ThreadID=62 _ThreadName=Thread-13] [timeMillis: 1464188133573] [levelValue: 800] [[
  JMXStartupService has started JMXConnector on JMXService URL service:jmx:rmi://Matheus:8686/jndi/rmi://Matheus:8686/jmxrmi]]

[2016-05-25T11:57:25.550-0300] [glassfish 4.1] [INFO] [] [] [tid: _ThreadID=65 _ThreadName=PingService] [timeMillis: 1464188245550] [levelValue: 800] [[
  Domain Pinged: release.glassfish.org]]

[2016-05-25T11:57:41.305-0300] [glassfish 4.1] [INFO] [NCLS-CORE-00092] [javax.enterprise.system.core] [tid: _ThreadID=106 _ThreadName=Thread-21] [timeMillis: 1464188261305] [levelValue: 800] [[
  Server shutdown initiated]]

[2016-05-25T11:57:41.306-0300] [glassfish 4.1] [INFO] [NCLS-BOOTSTRAP-00028] [javax.enterprise.bootstrap] [tid: _ThreadID=106 _ThreadName=Thread-21] [timeMillis: 1464188261306] [levelValue: 800] [[
  Unregistered com.sun.enterprise.glassfish.bootstrap.osgi.EmbeddedOSGiGlassFishImpl@2404b5a from service registry.]]

[2016-05-25T11:57:41.308-0300] [glassfish 4.1] [INFO] [] [] [tid: _ThreadID=106 _ThreadName=Thread-8] [timeMillis: 1464188261308] [levelValue: 800] [[
  FileMonitoring shutdown]]

[2016-05-25T11:57:41.314-0300] [glassfish 4.1] [INFO] [NCLS-JMX-00002] [javax.enterprise.system.jmx] [tid: _ThreadID=106 _ThreadName=Thread-21] [timeMillis: 1464188261314] [levelValue: 800] [[
  JMXStartupService: Stopped JMXConnectorServer: null]]

[2016-05-25T11:57:41.315-0300] [glassfish 4.1] [INFO] [NCLS-JMX-00001] [javax.enterprise.system.jmx] [tid: _ThreadID=106 _ThreadName=Thread-21] [timeMillis: 1464188261315] [levelValue: 800] [[
  JMXStartupService and JMXConnectors have been shut down.]]

[2016-05-25T11:57:41.366-0300] [glassfish 4.1] [INFO] [] [] [tid: _ThreadID=111 _ThreadName=Thread-8] [timeMillis: 1464188261366] [levelValue: 800] [[
  JdbcRuntimeExtension,  getAllSystemRAResourcesAndPools = [GlassFishConfigBean.org.glassfish.jdbc.config.JdbcResource, GlassFishConfigBean.org.glassfish.jdbc.config.JdbcResource, GlassFishConfigBean.org.glassfish.jdbc.config.JdbcConnectionPool, GlassFishConfigBean.org.glassfish.jdbc.config.JdbcConnectionPool]]]

[2016-05-25T11:58:05.552-0300] [glassfish 4.1] [INFO] [NCLS-LOGGING-00009] [javax.enterprise.logging] [tid: _ThreadID=18 _ThreadName=RunLevelControllerThread-1464188285459] [timeMillis: 1464188285552] [levelValue: 800] [[
  Running GlassFish Version: GlassFish Server Open Source Edition  4.1  (build 13)]]

[2016-05-25T11:58:05.555-0300] [glassfish 4.1] [INFO] [NCLS-LOGGING-00010] [javax.enterprise.logging] [tid: _ThreadID=18 _ThreadName=RunLevelControllerThread-1464188285459] [timeMillis: 1464188285555] [levelValue: 800] [[
  Server log file is using Formatter class: com.sun.enterprise.server.logging.ODLLogFormatter]]

[2016-05-25T11:58:05.658-0300] [glassfish 4.1] [INFO] [NCLS-SECURITY-01115] [javax.enterprise.system.core.security] [tid: _ThreadID=17 _ThreadName=RunLevelControllerThread-1464188285457] [timeMillis: 1464188285658] [levelValue: 800] [[
  Realm [admin-realm] of classtype [com.sun.enterprise.security.auth.realm.file.FileRealm] successfully created.]]

[2016-05-25T11:58:05.659-0300] [glassfish 4.1] [INFO] [NCLS-SECURITY-01115] [javax.enterprise.system.core.security] [tid: _ThreadID=17 _ThreadName=RunLevelControllerThread-1464188285457] [timeMillis: 1464188285659] [levelValue: 800] [[
  Realm [file] of classtype [com.sun.enterprise.security.auth.realm.file.FileRealm] successfully created.]]

[2016-05-25T11:58:05.664-0300] [glassfish 4.1] [INFO] [NCLS-SECURITY-01115] [javax.enterprise.system.core.security] [tid: _ThreadID=17 _ThreadName=RunLevelControllerThread-1464188285457] [timeMillis: 1464188285664] [levelValue: 800] [[
  Realm [certificate] of classtype [com.sun.enterprise.security.auth.realm.certificate.CertificateRealm] successfully created.]]

[2016-05-25T11:58:05.785-0300] [glassfish 4.1] [INFO] [SEC-SVCS-00100] [javax.enterprise.security.services] [tid: _ThreadID=18 _ThreadName=RunLevelControllerThread-1464188285459] [timeMillis: 1464188285785] [levelValue: 800] [[
  Authorization Service has successfully initialized.]]

[2016-05-25T11:58:05.865-0300] [glassfish 4.1] [INFO] [] [org.glassfish.ha.store.spi.BackingStoreFactoryRegistry] [tid: _ThreadID=19 _ThreadName=RunLevelControllerThread-1464188285464] [timeMillis: 1464188285865] [levelValue: 800] [[
  Registered org.glassfish.ha.store.adapter.cache.ShoalBackingStoreProxy for persistence-type = replicated in BackingStoreFactoryRegistry]]

[2016-05-25T11:58:06.056-0300] [glassfish 4.1] [INFO] [NCLS-CORE-00087] [javax.enterprise.system.core] [tid: _ThreadID=17 _ThreadName=RunLevelControllerThread-1464188285457] [timeMillis: 1464188286056] [levelValue: 800] [[
  Grizzly Framework 2.3.15 started in: 49ms - bound to [/0.0.0.0:8080]]]

[2016-05-25T11:58:06.075-0300] [glassfish 4.1] [INFO] [NCLS-CORE-00087] [javax.enterprise.system.core] [tid: _ThreadID=17 _ThreadName=RunLevelControllerThread-1464188285457] [timeMillis: 1464188286075] [levelValue: 800] [[
  Grizzly Framework 2.3.15 started in: 2ms - bound to [/0.0.0.0:8181]]]

[2016-05-25T11:58:06.081-0300] [glassfish 4.1] [INFO] [NCLS-CORE-00087] [javax.enterprise.system.core] [tid: _ThreadID=17 _ThreadName=RunLevelControllerThread-1464188285457] [timeMillis: 1464188286081] [levelValue: 800] [[
  Grizzly Framework 2.3.15 started in: 1ms - bound to [/0.0.0.0:4848]]]

[2016-05-25T11:58:06.116-0300] [glassfish 4.1] [INFO] [NCLS-CORE-00087] [javax.enterprise.system.core] [tid: _ThreadID=20 _ThreadName=RunLevelControllerThread-1464188285464] [timeMillis: 1464188286116] [levelValue: 800] [[
  Grizzly Framework 2.3.15 started in: 1ms - bound to [/0.0.0.0:3700]]]

[2016-05-25T11:58:06.117-0300] [glassfish 4.1] [INFO] [NCLS-CORE-00017] [javax.enterprise.system.core] [tid: _ThreadID=1 _ThreadName=main] [timeMillis: 1464188286117] [levelValue: 800] [[
  GlassFish Server Open Source Edition  4.1  (13) startup time : Felix (19.788ms), startup services(664ms), total(20.452ms)]]

[2016-05-25T11:58:06.247-0300] [glassfish 4.1] [INFO] [NCLS-CORE-00087] [javax.enterprise.system.core] [tid: _ThreadID=19 _ThreadName=RunLevelControllerThread-1464188285464] [timeMillis: 1464188286247] [levelValue: 800] [[
  Grizzly Framework 2.3.15 started in: 2ms - bound to [/0.0.0.0:7676]]]

[2016-05-25T11:58:06.264-0300] [glassfish 4.1] [INFO] [NCLS-BOOTSTRAP-00027] [javax.enterprise.bootstrap] [tid: _ThreadID=1 _ThreadName=main] [timeMillis: 1464188286264] [levelValue: 800] [[
  Registered com.sun.enterprise.glassfish.bootstrap.osgi.EmbeddedOSGiGlassFishImpl@5b2f8ab6 as OSGi service registration: org.apache.felix.framework.ServiceRegistrationImpl@108531c2.]]

[2016-05-25T11:58:07.442-0300] [glassfish 4.1] [INFO] [] [org.hibernate.validator.internal.util.Version] [tid: _ThreadID=46 _ThreadName=admin-listener(3)] [timeMillis: 1464188287442] [levelValue: 800] [[
  HV000001: Hibernate Validator 5.0.0.Final]]

[2016-05-25T11:58:07.673-0300] [glassfish 4.1] [INFO] [NCLS-CORE-00087] [javax.enterprise.system.core] [tid: _ThreadID=76 _ThreadName=pool-13-thread-1] [timeMillis: 1464188287673] [levelValue: 800] [[
  Grizzly Framework 2.3.15 started in: 2ms - bound to [/0.0.0.0:8181]]]

[2016-05-25T11:58:07.903-0300] [glassfish 4.1] [INFO] [NCLS-CORE-00087] [javax.enterprise.system.core] [tid: _ThreadID=78 _ThreadName=pool-16-thread-1] [timeMillis: 1464188287903] [levelValue: 800] [[
  Grizzly Framework 2.3.15 started in: 2ms - bound to [/0.0.0.0:8080]]]

[2016-05-25T11:58:15.295-0300] [glassfish 4.1] [INFO] [NCLS-JMX-00005] [javax.enterprise.system.jmx] [tid: _ThreadID=54 _ThreadName=Thread-13] [timeMillis: 1464188295295] [levelValue: 800] [[
  JMXStartupService has started JMXConnector on JMXService URL service:jmx:rmi://Matheus:8686/jndi/rmi://Matheus:8686/jmxrmi]]

[2016-05-25T11:58:45.080-0300] [glassfish 4.1] [INFO] [NCLS-CORE-00061] [javax.enterprise.system.core] [tid: _ThreadID=89 _ThreadName=http-listener-1(3)] [timeMillis: 1464188325080] [levelValue: 800] [[
  Attempting to start the web container.]]

[2016-05-25T11:58:45.393-0300] [glassfish 4.1] [INFO] [AS-WEB-GLUE-00198] [javax.enterprise.web] [tid: _ThreadID=89 _ThreadName=http-listener-1(3)] [timeMillis: 1464188325393] [levelValue: 800] [[
  Created HTTP listener http-listener-1 on host/port 0.0.0.0:8080]]

[2016-05-25T11:58:45.399-0300] [glassfish 4.1] [INFO] [AS-WEB-GLUE-00198] [javax.enterprise.web] [tid: _ThreadID=89 _ThreadName=http-listener-1(3)] [timeMillis: 1464188325399] [levelValue: 800] [[
  Created HTTP listener http-listener-2 on host/port 0.0.0.0:8181]]

[2016-05-25T11:58:45.402-0300] [glassfish 4.1] [INFO] [AS-WEB-GLUE-00198] [javax.enterprise.web] [tid: _ThreadID=89 _ThreadName=http-listener-1(3)] [timeMillis: 1464188325402] [levelValue: 800] [[
  Created HTTP listener admin-listener on host/port 0.0.0.0:4848]]

[2016-05-25T11:58:45.424-0300] [glassfish 4.1] [INFO] [AS-WEB-GLUE-00200] [javax.enterprise.web] [tid: _ThreadID=89 _ThreadName=http-listener-1(3)] [timeMillis: 1464188325424] [levelValue: 800] [[
  Created virtual server server]]

[2016-05-25T11:58:45.426-0300] [glassfish 4.1] [INFO] [AS-WEB-GLUE-00200] [javax.enterprise.web] [tid: _ThreadID=89 _ThreadName=http-listener-1(3)] [timeMillis: 1464188325426] [levelValue: 800] [[
  Created virtual server __asadmin]]

[2016-05-25T11:58:45.606-0300] [glassfish 4.1] [INFO] [AS-WEB-CORE-00306] [javax.enterprise.web.core] [tid: _ThreadID=89 _ThreadName=http-listener-1(3)] [timeMillis: 1464188325606] [levelValue: 800] [[
  Setting JAAS app name glassfish-web]]

[2016-05-25T11:58:45.607-0300] [glassfish 4.1] [INFO] [AS-WEB-GLUE-00201] [javax.enterprise.web] [tid: _ThreadID=89 _ThreadName=http-listener-1(3)] [timeMillis: 1464188325607] [levelValue: 800] [[
  Virtual server server loaded default web module ]]

[2016-05-25T11:58:45.782-0300] [glassfish 4.1] [INFO] [NCLS-CORE-00062] [javax.enterprise.system.core] [tid: _ThreadID=89 _ThreadName=http-listener-1(3)] [timeMillis: 1464188325782] [levelValue: 800] [[
  Done with starting web container in 702 ms.]]

[2016-05-25T11:58:45.800-0300] [glassfish 4.1] [SEVERE] [] [org.apache.jasper.servlet.JspServlet] [tid: _ThreadID=89 _ThreadName=http-listener-1(3)] [timeMillis: 1464188325800] [levelValue: 1000] [[
  PWC6117: File "null" not found]]

[2016-05-25T12:01:03.384-0300] [glassfish 4.1] [INFO] [] [javax.enterprise.system.tools.deployment.common] [tid: _ThreadID=111 _ThreadName=Thread-19] [timeMillis: 1464188463384] [levelValue: 800] [[
  visiting unvisited references]]

[2016-05-25T12:01:03.861-0300] [glassfish 4.1] [INFO] [NCLS-SECURITY-01002] [javax.enterprise.system.core.security] [tid: _ThreadID=111 _ThreadName=Thread-19] [timeMillis: 1464188463861] [levelValue: 800] [[
  Java security manager is disabled.]]

[2016-05-25T12:01:03.861-0300] [glassfish 4.1] [INFO] [NCLS-SECURITY-01010] [javax.enterprise.system.core.security] [tid: _ThreadID=111 _ThreadName=Thread-19] [timeMillis: 1464188463861] [levelValue: 800] [[
  Entering Security Startup Service.]]

[2016-05-25T12:01:03.865-0300] [glassfish 4.1] [INFO] [NCLS-SECURITY-01143] [javax.enterprise.system.core.security] [tid: _ThreadID=111 _ThreadName=Thread-19] [timeMillis: 1464188463865] [levelValue: 800] [[
  Loading policy provider com.sun.enterprise.security.provider.PolicyWrapper.]]

[2016-05-25T12:01:03.919-0300] [glassfish 4.1] [INFO] [NCLS-SECURITY-01011] [javax.enterprise.system.core.security] [tid: _ThreadID=111 _ThreadName=Thread-19] [timeMillis: 1464188463919] [levelValue: 800] [[
  Security Service(s) started successfully.]]

[2016-05-25T12:01:04.557-0300] [glassfish 4.1] [INFO] [] [javax.enterprise.system.tools.deployment.common] [tid: _ThreadID=111 _ThreadName=Thread-19] [timeMillis: 1464188464557] [levelValue: 800] [[
  visiting unvisited references]]

[2016-05-25T12:01:04.578-0300] [glassfish 4.1] [INFO] [] [javax.enterprise.system.tools.deployment.common] [tid: _ThreadID=111 _ThreadName=Thread-19] [timeMillis: 1464188464578] [levelValue: 800] [[
  visiting unvisited references]]

[2016-05-25T12:01:04.579-0300] [glassfish 4.1] [INFO] [] [javax.enterprise.system.tools.deployment.common] [tid: _ThreadID=111 _ThreadName=Thread-19] [timeMillis: 1464188464579] [levelValue: 800] [[
  visiting unvisited references]]

[2016-05-25T12:01:05.855-0300] [glassfish 4.1] [INFO] [jsf.config.listener.version] [javax.enterprise.resource.webcontainer.jsf.config] [tid: _ThreadID=111 _ThreadName=Thread-19] [timeMillis: 1464188465855] [levelValue: 800] [[
  Inicializando Mojarra 2.2.7 ( 20140610-1547 https://svn.java.net/svn/mojarra~svn/tags/2.2.7@13362) para o contexto '']]

[2016-05-25T12:01:07.020-0300] [glassfish 4.1] [INFO] [AS-WEB-GLUE-00172] [javax.enterprise.web] [tid: _ThreadID=111 _ThreadName=Thread-19] [timeMillis: 1464188467020] [levelValue: 800] [[
  Loading application [__admingui] at [/]]]

[2016-05-25T12:01:07.021-0300] [glassfish 4.1] [INFO] [NCLS-CORE-00022] [javax.enterprise.system.core] [tid: _ThreadID=111 _ThreadName=Thread-19] [timeMillis: 1464188467021] [levelValue: 800] [[
  Loading application __admingui done in 3.829 ms]]

[2016-05-25T12:01:07.564-0300] [glassfish 4.1] [WARNING] [] [javax.enterprise.system.container.web.com.sun.web.security] [tid: _ThreadID=46 _ThreadName=admin-listener(3)] [timeMillis: 1464188467564] [levelValue: 900] [[
  Context path from ServletContext:  differs from path from bundle: /]]

[2016-05-25T12:01:10.176-0300] [glassfish 4.1] [INFO] [] [org.glassfish.jersey.server.ApplicationHandler] [tid: _ThreadID=45 _ThreadName=admin-listener(2)] [timeMillis: 1464188470176] [levelValue: 800] [[
  Initiating Jersey application, version Jersey: 2.10.4 2014-08-08 15:09:00...]]

[2016-05-25T12:01:10.466-0300] [glassfish 4.1] [INFO] [NCLS-REST-00001] [javax.enterprise.admin.rest] [tid: _ThreadID=45 _ThreadName=admin-listener(2)] [timeMillis: 1464188470466] [levelValue: 800] [[
  Listening to REST requests at context: /management/domain.]]

[2016-05-25T12:01:16.401-0300] [glassfish 4.1] [INFO] [] [org.glassfish.admingui] [tid: _ThreadID=48 _ThreadName=admin-listener(5)] [timeMillis: 1464188476401] [levelValue: 800] [[
  Redirecting to /]]

[2016-05-25T12:01:16.529-0300] [glassfish 4.1] [INFO] [] [org.glassfish.admingui] [tid: _ThreadID=138 _ThreadName=admin-listener(6)] [timeMillis: 1464188476529] [levelValue: 800] [[
  Admin Console: Initializing Session Attributes...]]

[2016-05-25T12:01:16.712-0300] [glassfish 4.1] [WARNING] [] [java.util.prefs] [tid: _ThreadID=138 _ThreadName=admin-listener(6)] [timeMillis: 1464188476712] [levelValue: 900] [[
  Could not open/create prefs root node Software\JavaSoft\Prefs at root 0x80000002. Windows RegCreateKeyEx(...) returned error code 5.]]

[2016-05-25T12:03:41.809-0300] [glassfish 4.1] [INFO] [] [org.glassfish.admingui] [tid: _ThreadID=139 _ThreadName=admin-listener(7)] [timeMillis: 1464188621809] [levelValue: 800] [[
  GUI deployment: uploadToTempfile]]

[2016-05-25T12:03:41.826-0300] [glassfish 4.1] [INFO] [] [org.glassfish.admingui] [tid: _ThreadID=139 _ThreadName=admin-listener(7)] [timeMillis: 1464188621826] [levelValue: 800] [[
  uploadFileName=index.html]]

[2016-05-25T12:03:41.838-0300] [glassfish 4.1] [INFO] [] [] [tid: _ThreadID=139 _ThreadName=Thread-8] [timeMillis: 1464188621838] [levelValue: 800] [[
  ================== availabilityEnabled  skipped]]

[2016-05-25T12:03:41.858-0300] [glassfish 4.1] [WARNING] [NCLS-DEPLOYMENT-00019] [javax.enterprise.system.tools.deployment.common] [tid: _ThreadID=47 _ThreadName=admin-listener(4)] [timeMillis: 1464188621858] [levelValue: 900] [[
  file open failure; file = file:/C:/Users/Matheus/AppData/Local/Temp/index1867463652628509096.html]]

[2016-05-25T12:03:41.860-0300] [glassfish 4.1] [WARNING] [NCLS-DEPLOYMENT-00020] [javax.enterprise.system.tools.deployment.common] [tid: _ThreadID=47 _ThreadName=admin-listener(4)] [timeMillis: 1464188621860] [levelValue: 900] [[
  exception message:  error in opening zip file -- invalid zip file: invalid zip file: file:/C:/Users/Matheus/AppData/Local/Temp/index1867463652628509096.html]]

[2016-05-25T12:03:41.861-0300] [glassfish 4.1] [WARNING] [NCLS-DEPLOYMENT-00019] [javax.enterprise.system.tools.deployment.common] [tid: _ThreadID=47 _ThreadName=admin-listener(4)] [timeMillis: 1464188621861] [levelValue: 900] [[
  file open failure; file = file:/C:/Users/Matheus/AppData/Local/Temp/index1867463652628509096.html]]

[2016-05-25T12:03:41.861-0300] [glassfish 4.1] [WARNING] [NCLS-DEPLOYMENT-00020] [javax.enterprise.system.tools.deployment.common] [tid: _ThreadID=47 _ThreadName=admin-listener(4)] [timeMillis: 1464188621861] [levelValue: 900] [[
  exception message:  error in opening zip file -- invalid zip file: invalid zip file: file:/C:/Users/Matheus/AppData/Local/Temp/index1867463652628509096.html]]

[2016-05-25T12:03:41.862-0300] [glassfish 4.1] [SEVERE] [NCLS-ADMIN-00011] [javax.enterprise.system.tools.admin.security.authorization] [tid: _ThreadID=47 _ThreadName=admin-listener(4)] [timeMillis: 1464188621862] [levelValue: 1000] [[
  An unexpected exception occurred.
java.lang.RuntimeException: java.lang.RuntimeException: java.io.IOException: invalid zip file: file:/C:/Users/Matheus/AppData/Local/Temp/index1867463652628509096.html
	at org.glassfish.deployment.admin.DeployCommand.preAuthorization(DeployCommand.java:314)
	at com.sun.enterprise.admin.util.CommandSecurityChecker$1.run(CommandSecurityChecker.java:186)
	at com.sun.enterprise.admin.util.CommandSecurityChecker$1.run(CommandSecurityChecker.java:182)
	at java.security.AccessController.doPrivileged(Native Method)
	at javax.security.auth.Subject.doAs(Subject.java:360)
	at com.sun.enterprise.admin.util.CommandSecurityChecker.authorize(CommandSecurityChecker.java:182)
	at com.sun.enterprise.v3.admin.CommandRunnerImpl.doCommand(CommandRunnerImpl.java:1239)
	at com.sun.enterprise.v3.admin.CommandRunnerImpl.access$1300(CommandRunnerImpl.java:109)
	at com.sun.enterprise.v3.admin.CommandRunnerImpl$ExecutionContext.execute(CommandRunnerImpl.java:1846)
	at com.sun.enterprise.v3.admin.CommandRunnerImpl$ExecutionContext.execute(CommandRunnerImpl.java:1722)
	at org.glassfish.admin.rest.utils.ResourceUtil.runCommand(ResourceUtil.java:253)
	at org.glassfish.admin.rest.utils.ResourceUtil.runCommand(ResourceUtil.java:231)
	at org.glassfish.admin.rest.utils.ResourceUtil.runCommand(ResourceUtil.java:275)
	at org.glassfish.admin.rest.resources.TemplateListOfResource.createResource(TemplateListOfResource.java:133)
	at sun.reflect.NativeMethodAccessorImpl.invoke0(Native Method)
	at sun.reflect.NativeMethodAccessorImpl.invoke(NativeMethodAccessorImpl.java:62)
	at sun.reflect.DelegatingMethodAccessorImpl.invoke(DelegatingMethodAccessorImpl.java:43)
	at java.lang.reflect.Method.invoke(Method.java:483)
	at org.glassfish.jersey.server.model.internal.ResourceMethodInvocationHandlerFactory$1.invoke(ResourceMethodInvocationHandlerFactory.java:81)
	at org.glassfish.jersey.server.model.internal.AbstractJavaResourceMethodDispatcher$1.run(AbstractJavaResourceMethodDispatcher.java:151)
	at org.glassfish.jersey.server.model.internal.AbstractJavaResourceMethodDispatcher.invoke(AbstractJavaResourceMethodDispatcher.java:171)
	at org.glassfish.jersey.server.model.internal.JavaResourceMethodDispatcherProvider$ResponseOutInvoker.doDispatch(JavaResourceMethodDispatcherProvider.java:152)
	at org.glassfish.jersey.server.model.internal.AbstractJavaResourceMethodDispatcher.dispatch(AbstractJavaResourceMethodDispatcher.java:104)
	at org.glassfish.jersey.server.model.ResourceMethodInvoker.invoke(ResourceMethodInvoker.java:387)
	at org.glassfish.jersey.server.model.ResourceMethodInvoker.apply(ResourceMethodInvoker.java:331)
	at org.glassfish.jersey.server.model.ResourceMethodInvoker.apply(ResourceMethodInvoker.java:103)
	at org.glassfish.jersey.server.ServerRuntime$1.run(ServerRuntime.java:271)
	at org.glassfish.jersey.internal.Errors$1.call(Errors.java:271)
	at org.glassfish.jersey.internal.Errors$1.call(Errors.java:267)
	at org.glassfish.jersey.internal.Errors.process(Errors.java:315)
	at org.glassfish.jersey.internal.Errors.process(Errors.java:297)
	at org.glassfish.jersey.internal.Errors.process(Errors.java:267)
	at org.glassfish.jersey.process.internal.RequestScope.runInScope(RequestScope.java:297)
	at org.glassfish.jersey.server.ServerRuntime.process(ServerRuntime.java:254)
	at org.glassfish.jersey.server.ApplicationHandler.handle(ApplicationHandler.java:1028)
	at org.glassfish.jersey.grizzly2.httpserver.GrizzlyHttpContainer.service(GrizzlyHttpContainer.java:365)
	at org.glassfish.admin.rest.adapter.RestAdapter$2.service(RestAdapter.java:316)
	at org.glassfish.admin.rest.adapter.RestAdapter.service(RestAdapter.java:179)
	at com.sun.enterprise.v3.services.impl.ContainerMapper$HttpHandlerCallable.call(ContainerMapper.java:459)
	at com.sun.enterprise.v3.services.impl.ContainerMapper.service(ContainerMapper.java:167)
	at org.glassfish.grizzly.http.server.HttpHandler.runService(HttpHandler.java:201)
	at org.glassfish.grizzly.http.server.HttpHandler.doHandle(HttpHandler.java:175)
	at org.glassfish.grizzly.http.server.HttpServerFilter.handleRead(HttpServerFilter.java:235)
	at org.glassfish.grizzly.filterchain.ExecutorResolver$9.execute(ExecutorResolver.java:119)
	at org.glassfish.grizzly.filterchain.DefaultFilterChain.executeFilter(DefaultFilterChain.java:284)
	at org.glassfish.grizzly.filterchain.DefaultFilterChain.executeChainPart(DefaultFilterChain.java:201)
	at org.glassfish.grizzly.filterchain.DefaultFilterChain.execute(DefaultFilterChain.java:133)
	at org.glassfish.grizzly.filterchain.DefaultFilterChain.process(DefaultFilterChain.java:112)
	at org.glassfish.grizzly.ProcessorExecutor.execute(ProcessorExecutor.java:77)
	at org.glassfish.grizzly.nio.transport.TCPNIOTransport.fireIOEvent(TCPNIOTransport.java:561)
	at org.glassfish.grizzly.strategies.AbstractIOStrategy.fireIOEvent(AbstractIOStrategy.java:112)
	at org.glassfish.grizzly.strategies.WorkerThreadIOStrategy.run0(WorkerThreadIOStrategy.java:117)
	at org.glassfish.grizzly.strategies.WorkerThreadIOStrategy.access$100(WorkerThreadIOStrategy.java:56)
	at org.glassfish.grizzly.strategies.WorkerThreadIOStrategy$WorkerThreadRunnable.run(WorkerThreadIOStrategy.java:137)
	at org.glassfish.grizzly.threadpool.AbstractThreadPool$Worker.doWork(AbstractThreadPool.java:565)
	at org.glassfish.grizzly.threadpool.AbstractThreadPool$Worker.run(AbstractThreadPool.java:545)
	at java.lang.Thread.run(Thread.java:745)
Caused by: java.lang.RuntimeException: java.io.IOException: invalid zip file: file:/C:/Users/Matheus/AppData/Local/Temp/index1867463652628509096.html
	at com.sun.enterprise.deployment.deploy.shared.InputJarArchive.entries(InputJarArchive.java:205)
	at com.sun.enterprise.deployment.deploy.shared.InputJarArchive.access$100(InputJarArchive.java:74)
	at com.sun.enterprise.deployment.deploy.shared.InputJarArchive$1.enumeration(InputJarArchive.java:166)
	at com.sun.enterprise.deployment.deploy.shared.InputJarArchive$CollectionWrappedEnumeration.<init>(InputJarArchive.java:728)
	at com.sun.enterprise.deployment.deploy.shared.InputJarArchive.getDirectories(InputJarArchive.java:161)
	at org.glassfish.javaee.full.deployment.EarDetector.isEARFromIntrospecting(EarDetector.java:142)
	at org.glassfish.javaee.full.deployment.EarDetector.handles(EarDetector.java:110)
	at com.sun.enterprise.v3.server.ApplicationLifecycle.getArchiveHandler(ApplicationLifecycle.java:211)
	at org.glassfish.deployment.admin.DeployCommand.preAuthorization(DeployCommand.java:246)
	... 56 more
Caused by: java.io.IOException: invalid zip file: file:/C:/Users/Matheus/AppData/Local/Temp/index1867463652628509096.html
	at com.sun.enterprise.deployment.deploy.shared.InputJarArchive$ArchiveJarEntrySource.<init>(InputJarArchive.java:582)
	at com.sun.enterprise.deployment.deploy.shared.InputJarArchive$ArchiveJarEntrySource.<init>(InputJarArchive.java:573)
	at com.sun.enterprise.deployment.deploy.shared.InputJarArchive.createEntryEnumeration(InputJarArchive.java:451)
	at com.sun.enterprise.deployment.deploy.shared.InputJarArchive.entries(InputJarArchive.java:203)
	... 64 more
]]

[2016-05-25T12:03:41.867-0300] [glassfish 4.1] [INFO] [] [org.glassfish.admingui] [tid: _ThreadID=139 _ThreadName=admin-listener(7)] [timeMillis: 1464188621867] [levelValue: 800] [[
  Exception Occurred :Error during authorization
java.lang.RuntimeException: java.lang.RuntimeException: java.io.IOException: invalid zip file: file:/C:/Users/Matheus/AppData/Local/Temp/index1867463652628509096.html]]

